<?xml version="1.0" encoding="UTF-8"?>
<!-- Generated by org.testng.reporters.JUnitReportReporter -->
<testsuite hostname="Rahuls-MacBook-Pro.local" failures="0" tests="1" name="com.pages.BaseTest" time="0.008" errors="0" timestamp="07 Aug 2021 17:40:04 GMT" skipped="0">
  <testcase classname="com.pages.BaseTest" name="sampletest" time="0.008"/>
</testsuite> <!-- com.pages.BaseTest -->
